[2021-12-21 03:08:29] DEBUG sql Executing (default): SELECT count(*) AS `count` FROM `Books` AS `Book` WHERE (`Book`.`deletedAt` IS NULL AND (`Book`.`name` LIKE '%张%' OR `Book`.`author` LIKE '%张%'));

[2021-12-21 03:08:29] DEBUG sql Executing (default): SELECT count(`Student`.`id`) AS `count` FROM `Students` AS `Student` LEFT OUTER JOIN `Classes` AS `Class` ON `Student`.`ClassId` = `Class`.`id` AND (`Class`.`deletedAt` IS NULL) WHERE `Student`.`deletedAt` IS NULL;

[2021-12-21 03:08:29] DEBUG sql Executing (default): CREATE TABLE IF NOT EXISTS `Admins` (`id` INTEGER NOT NULL auto_increment , `loginId` VARCHAR(255) NOT NULL, `loginPwd` VARCHAR(255) NOT NULL, `createdAt` DATETIME NOT NULL, `updateTimestamp` DATETIME NOT NULL, `deletedAt` DATETIME, PRIMARY KEY (`id`)) ENGINE=InnoDB;

[2021-12-21 03:08:29] DEBUG sql Executing (default): SELECT `id`, `loginId`, `loginPwd`, `createdAt`, `updateTimestamp`, `deletedAt` FROM `Admins` AS `Admin` WHERE (`Admin`.`deletedAt` IS NULL AND (`Admin`.`loginId` = 'admin' AND `Admin`.`loginPwd` = '123124')) LIMIT 1;

[2021-12-21 03:08:29] DEBUG sql Executing (default): SELECT `id`, `name`, `imageUrl`, `publicDate`, `author`, `createdAt`, `updateTimestamp`, `deletedAt`, `StudentId` FROM `Books` AS `Book` WHERE (`Book`.`deletedAt` IS NULL AND (`Book`.`name` LIKE '%张%' OR `Book`.`author` LIKE '%张%'));

[2021-12-21 03:08:29] DEBUG sql Executing (default): SELECT `Student`.`id`, `Student`.`name`, `Student`.`birthday`, `Student`.`sex`, `Student`.`ClassId`, `Class`.`id` AS `Class.id`, `Class`.`name` AS `Class.name`, `Class`.`OpenDate` AS `Class.OpenDate`, `Class`.`createdAt` AS `Class.createdAt`, `Class`.`updateTimestamp` AS `Class.updateTimestamp`, `Class`.`deletedAt` AS `Class.deletedAt` FROM `Students` AS `Student` LEFT OUTER JOIN `Classes` AS `Class` ON `Student`.`ClassId` = `Class`.`id` AND (`Class`.`deletedAt` IS NULL) WHERE `Student`.`deletedAt` IS NULL LIMIT 0, 10;

[2021-12-21 03:08:29] DEBUG sql Executing (default): SHOW FULL COLUMNS FROM `Admins`;

[2021-12-21 03:08:29] DEBUG sql Executing (default): SELECT CONSTRAINT_NAME as constraint_name,CONSTRAINT_NAME as constraintName,CONSTRAINT_SCHEMA as constraintSchema,CONSTRAINT_SCHEMA as constraintCatalog,TABLE_NAME as tableName,TABLE_SCHEMA as tableSchema,TABLE_SCHEMA as tableCatalog,COLUMN_NAME as columnName,REFERENCED_TABLE_SCHEMA as referencedTableSchema,REFERENCED_TABLE_SCHEMA as referencedTableCatalog,REFERENCED_TABLE_NAME as referencedTableName,REFERENCED_COLUMN_NAME as referencedColumnName FROM INFORMATION_SCHEMA.KEY_COLUMN_USAGE where TABLE_NAME = 'Admins' AND CONSTRAINT_NAME!='PRIMARY' AND CONSTRAINT_SCHEMA='myschooldb' AND REFERENCED_TABLE_NAME IS NOT NULL;

[2021-12-21 03:08:29] DEBUG sql Executing (default): ALTER TABLE `Admins` CHANGE `loginId` `loginId` VARCHAR(255) NOT NULL;

[2021-12-21 03:08:29] DEBUG sql Executing (default): ALTER TABLE `Admins` CHANGE `loginPwd` `loginPwd` VARCHAR(255) NOT NULL;

[2021-12-21 03:08:29] DEBUG sql Executing (default): ALTER TABLE `Admins` CHANGE `deletedAt` `deletedAt` DATETIME;

[2021-12-21 03:08:29] DEBUG sql Executing (default): ALTER TABLE `Admins` CHANGE `updateTimestamp` `updateTimestamp` DATETIME NOT NULL;

[2021-12-21 03:08:29] DEBUG sql Executing (default): ALTER TABLE `Admins` CHANGE `createdAt` `createdAt` DATETIME NOT NULL;

[2021-12-21 03:08:29] DEBUG sql Executing (default): SHOW INDEX FROM `Admins`

[2021-12-21 03:08:29] DEBUG sql Executing (default): CREATE TABLE IF NOT EXISTS `Classes` (`id` INTEGER NOT NULL auto_increment , `name` VARCHAR(255) NOT NULL, `OpenDate` DATETIME NOT NULL, `createdAt` DATETIME NOT NULL, `updateTimestamp` DATETIME NOT NULL, `deletedAt` DATETIME, PRIMARY KEY (`id`)) ENGINE=InnoDB;

[2021-12-21 03:08:29] DEBUG sql Executing (default): SHOW FULL COLUMNS FROM `Classes`;

[2021-12-21 03:08:29] DEBUG sql Executing (default): SELECT CONSTRAINT_NAME as constraint_name,CONSTRAINT_NAME as constraintName,CONSTRAINT_SCHEMA as constraintSchema,CONSTRAINT_SCHEMA as constraintCatalog,TABLE_NAME as tableName,TABLE_SCHEMA as tableSchema,TABLE_SCHEMA as tableCatalog,COLUMN_NAME as columnName,REFERENCED_TABLE_SCHEMA as referencedTableSchema,REFERENCED_TABLE_SCHEMA as referencedTableCatalog,REFERENCED_TABLE_NAME as referencedTableName,REFERENCED_COLUMN_NAME as referencedColumnName FROM INFORMATION_SCHEMA.KEY_COLUMN_USAGE where TABLE_NAME = 'Classes' AND CONSTRAINT_NAME!='PRIMARY' AND CONSTRAINT_SCHEMA='myschooldb' AND REFERENCED_TABLE_NAME IS NOT NULL;

[2021-12-21 03:08:29] DEBUG sql Executing (default): ALTER TABLE `Classes` CHANGE `name` `name` VARCHAR(255) NOT NULL;

[2021-12-21 03:08:29] DEBUG sql Executing (default): ALTER TABLE `Classes` CHANGE `OpenDate` `OpenDate` DATETIME NOT NULL;

[2021-12-21 03:08:29] DEBUG sql Executing (default): ALTER TABLE `Classes` CHANGE `deletedAt` `deletedAt` DATETIME;

[2021-12-21 03:08:29] DEBUG sql Executing (default): ALTER TABLE `Classes` CHANGE `createdAt` `createdAt` DATETIME NOT NULL;

[2021-12-21 03:08:29] DEBUG sql Executing (default): ALTER TABLE `Classes` CHANGE `updateTimestamp` `updateTimestamp` DATETIME NOT NULL;

[2021-12-21 03:08:29] DEBUG sql Executing (default): SHOW INDEX FROM `Classes`

[2021-12-21 03:08:29] DEBUG sql Executing (default): CREATE TABLE IF NOT EXISTS `Students` (`id` INTEGER NOT NULL auto_increment , `name` VARCHAR(255) NOT NULL, `sex` TINYINT(1) NOT NULL, `birthday` DATETIME NOT NULL, `mobile` VARCHAR(11) NOT NULL, `createdAt` DATETIME NOT NULL, `updateTimestamp` DATETIME NOT NULL, `deletedAt` DATETIME, `ClassId` INTEGER, PRIMARY KEY (`id`), FOREIGN KEY (`ClassId`) REFERENCES `Classes` (`id`) ON DELETE SET NULL ON UPDATE CASCADE) ENGINE=InnoDB;

[2021-12-21 03:08:29] DEBUG sql Executing (default): SHOW FULL COLUMNS FROM `Students`;

[2021-12-21 03:08:29] DEBUG sql Executing (default): SELECT CONSTRAINT_NAME as constraint_name,CONSTRAINT_NAME as constraintName,CONSTRAINT_SCHEMA as constraintSchema,CONSTRAINT_SCHEMA as constraintCatalog,TABLE_NAME as tableName,TABLE_SCHEMA as tableSchema,TABLE_SCHEMA as tableCatalog,COLUMN_NAME as columnName,REFERENCED_TABLE_SCHEMA as referencedTableSchema,REFERENCED_TABLE_SCHEMA as referencedTableCatalog,REFERENCED_TABLE_NAME as referencedTableName,REFERENCED_COLUMN_NAME as referencedColumnName FROM INFORMATION_SCHEMA.KEY_COLUMN_USAGE where TABLE_NAME = 'Students' AND CONSTRAINT_NAME!='PRIMARY' AND CONSTRAINT_SCHEMA='myschooldb' AND REFERENCED_TABLE_NAME IS NOT NULL;

[2021-12-21 03:08:29] DEBUG sql Executing (default): ALTER TABLE `Students` CHANGE `name` `name` VARCHAR(255) NOT NULL;

[2021-12-21 03:08:29] DEBUG sql Executing (default): ALTER TABLE `Students` CHANGE `sex` `sex` TINYINT(1) NOT NULL;

[2021-12-21 03:08:29] DEBUG sql Executing (default): ALTER TABLE `Students` CHANGE `birthday` `birthday` DATETIME NOT NULL;

[2021-12-21 03:08:29] DEBUG sql Executing (default): ALTER TABLE `Students` CHANGE `mobile` `mobile` VARCHAR(11) NOT NULL;

[2021-12-21 03:08:29] DEBUG sql Executing (default): ALTER TABLE `Students` CHANGE `deletedAt` `deletedAt` DATETIME;

[2021-12-21 03:08:29] DEBUG sql Executing (default): SELECT CONSTRAINT_CATALOG AS constraintCatalog, CONSTRAINT_NAME AS constraintName, CONSTRAINT_SCHEMA AS constraintSchema, CONSTRAINT_TYPE AS constraintType, TABLE_NAME AS tableName, TABLE_SCHEMA AS tableSchema from INFORMATION_SCHEMA.TABLE_CONSTRAINTS WHERE table_name='Students' AND constraint_name = 'students_ibfk_1' AND TABLE_SCHEMA = 'myschooldb';

[2021-12-21 03:08:29] DEBUG sql Executing (default): ALTER TABLE `Students` DROP FOREIGN KEY `students_ibfk_1`;

[2021-12-21 03:08:29] DEBUG sql Executing (default): ALTER TABLE `Students` ADD FOREIGN KEY (`ClassId`) REFERENCES `Classes` (`id`) ON DELETE SET NULL ON UPDATE CASCADE;

[2021-12-21 03:08:29] DEBUG sql Executing (default): ALTER TABLE `Students` CHANGE `createdAt` `createdAt` DATETIME NOT NULL;

[2021-12-21 03:08:29] DEBUG sql Executing (default): ALTER TABLE `Students` CHANGE `updateTimestamp` `updateTimestamp` DATETIME NOT NULL;

[2021-12-21 03:08:29] DEBUG sql Executing (default): SHOW INDEX FROM `Students`

[2021-12-21 03:08:29] DEBUG sql Executing (default): CREATE TABLE IF NOT EXISTS `Books` (`id` INTEGER NOT NULL auto_increment , `name` VARCHAR(255) NOT NULL, `imageUrl` VARCHAR(255), `publicDate` VARCHAR(255) NOT NULL, `author` VARCHAR(255) NOT NULL, `createdAt` DATETIME NOT NULL, `updateTimestamp` DATETIME NOT NULL, `deletedAt` DATETIME, `StudentId` INTEGER, PRIMARY KEY (`id`), FOREIGN KEY (`StudentId`) REFERENCES `Students` (`id`) ON DELETE SET NULL ON UPDATE CASCADE) ENGINE=InnoDB;

[2021-12-21 03:08:29] DEBUG sql Executing (default): SHOW FULL COLUMNS FROM `Books`;

[2021-12-21 03:08:29] DEBUG sql Executing (default): SELECT CONSTRAINT_NAME as constraint_name,CONSTRAINT_NAME as constraintName,CONSTRAINT_SCHEMA as constraintSchema,CONSTRAINT_SCHEMA as constraintCatalog,TABLE_NAME as tableName,TABLE_SCHEMA as tableSchema,TABLE_SCHEMA as tableCatalog,COLUMN_NAME as columnName,REFERENCED_TABLE_SCHEMA as referencedTableSchema,REFERENCED_TABLE_SCHEMA as referencedTableCatalog,REFERENCED_TABLE_NAME as referencedTableName,REFERENCED_COLUMN_NAME as referencedColumnName FROM INFORMATION_SCHEMA.KEY_COLUMN_USAGE where TABLE_NAME = 'Books' AND CONSTRAINT_NAME!='PRIMARY' AND CONSTRAINT_SCHEMA='myschooldb' AND REFERENCED_TABLE_NAME IS NOT NULL;

[2021-12-21 03:08:29] DEBUG sql Executing (default): ALTER TABLE `Books` CHANGE `name` `name` VARCHAR(255) NOT NULL;

[2021-12-21 03:08:29] DEBUG sql Executing (default): ALTER TABLE `Books` CHANGE `imageUrl` `imageUrl` VARCHAR(255);

[2021-12-21 03:08:29] DEBUG sql Executing (default): ALTER TABLE `Books` CHANGE `publicDate` `publicDate` VARCHAR(255) NOT NULL;

[2021-12-21 03:08:29] DEBUG sql Executing (default): ALTER TABLE `Books` CHANGE `author` `author` VARCHAR(255) NOT NULL;

[2021-12-21 03:08:29] DEBUG sql Executing (default): ALTER TABLE `Books` CHANGE `deletedAt` `deletedAt` DATETIME;

[2021-12-21 03:08:29] DEBUG sql Executing (default): SELECT CONSTRAINT_CATALOG AS constraintCatalog, CONSTRAINT_NAME AS constraintName, CONSTRAINT_SCHEMA AS constraintSchema, CONSTRAINT_TYPE AS constraintType, TABLE_NAME AS tableName, TABLE_SCHEMA AS tableSchema from INFORMATION_SCHEMA.TABLE_CONSTRAINTS WHERE table_name='Books' AND constraint_name = 'books_ibfk_1' AND TABLE_SCHEMA = 'myschooldb';

[2021-12-21 03:08:29] DEBUG sql Executing (default): ALTER TABLE `Books` DROP FOREIGN KEY `books_ibfk_1`;

[2021-12-21 03:08:29] DEBUG sql Executing (default): ALTER TABLE `Books` ADD FOREIGN KEY (`StudentId`) REFERENCES `Students` (`id`) ON DELETE SET NULL ON UPDATE CASCADE;

[2021-12-21 03:08:29] DEBUG sql Executing (default): ALTER TABLE `Books` CHANGE `createdAt` `createdAt` DATETIME NOT NULL;

[2021-12-21 03:08:29] DEBUG sql Executing (default): ALTER TABLE `Books` CHANGE `updateTimestamp` `updateTimestamp` DATETIME NOT NULL;

[2021-12-21 03:08:29] DEBUG sql Executing (default): SHOW INDEX FROM `Books`

